<?xml version="1.0" encoding="UTF-8"?>
<!-- Generated by org.testng.reporters.JUnitReportReporter -->
<testsuite hostname="Kapils.local" failures="0" tests="1" name="Test.NotificationTest" time="100.644" errors="0" timestamp="2023-05-17T11:00:37 IST" skipped="0">
  <testcase classname="Test.NotificationTest" name="Notification" time="100.644"/>
  <system-out/>
</testsuite> <!-- Test.NotificationTest -->
