<?xml version="1.0" encoding="UTF-8"?>
<!-- Generated by org.testng.reporters.JUnitReportReporter -->
<testsuite hostname="Kapils.local" failures="0" tests="1" name="Test.NotificationSuperAdmin" time="108.276" errors="0" timestamp="2023-05-18T13:05:29 IST" skipped="0">
  <testcase classname="Test.NotificationSuperAdmin" name="dropDownValidation" time="108.276"/>
  <system-out/>
</testsuite> <!-- Test.NotificationSuperAdmin -->
