<?xml version="1.0" encoding="UTF-8"?>
<!-- Generated by org.testng.reporters.JUnitReportReporter -->
<testsuite hostname="DESKTOP-HOPN46U" failures="0" tests="1" name="Test.newpmtLogin" time="1.916" errors="0" timestamp="2024-03-01T12:08:09 IST" skipped="0">
  <testcase classname="Test.newpmtLogin" name="LoginPmt" time="1.916"/>
  <system-out/>
</testsuite> <!-- Test.newpmtLogin -->
